Performing C SOURCE FILE Test CMAKE_HAVE_LIBC_PTHREAD failed with the following output:
Change Dir: /home/hao/Desktop/twist_ws/src/TwistEstimator/build/catkin_tools_prebuild/CMakeFiles/CMakeScratch/TryCompile-b2BDBg

Run Build Command(s):/usr/bin/make -f Makefile cmTC_dc21a/fast && /usr/bin/make  -f CMakeFiles/cmTC_dc21a.dir/build.make CMakeFiles/cmTC_dc21a.dir/build
make[1]: Entering directory '/home/hao/Desktop/twist_ws/src/TwistEstimator/build/catkin_tools_prebuild/CMakeFiles/CMakeScratch/TryCompile-b2BDBg'
Building C object CMakeFiles/cmTC_dc21a.dir/src.c.o
/usr/bin/cc -DCMAKE_HAVE_LIBC_PTHREAD   -o CMakeFiles/cmTC_dc21a.dir/src.c.o -c /home/hao/Desktop/twist_ws/src/TwistEstimator/build/catkin_tools_prebuild/CMakeFiles/CMakeScratch/TryCompile-b2BDBg/src.c
Linking C executable cmTC_dc21a
/opt/cmake/bin/cmake -E cmake_link_script CMakeFiles/cmTC_dc21a.dir/link.txt --verbose=1
/usr/bin/cc CMakeFiles/cmTC_dc21a.dir/src.c.o -o cmTC_dc21a 
/usr/bin/ld: CMakeFiles/cmTC_dc21a.dir/src.c.o: in function `main':
src.c:(.text+0x46): undefined reference to `pthread_create'
/usr/bin/ld: src.c:(.text+0x52): undefined reference to `pthread_detach'
/usr/bin/ld: src.c:(.text+0x5e): undefined reference to `pthread_cancel'
/usr/bin/ld: src.c:(.text+0x6f): undefined reference to `pthread_join'
collect2: error: ld returned 1 exit status
make[1]: *** [CMakeFiles/cmTC_dc21a.dir/build.make:99: cmTC_dc21a] Error 1
make[1]: Leaving directory '/home/hao/Desktop/twist_ws/src/TwistEstimator/build/catkin_tools_prebuild/CMakeFiles/CMakeScratch/TryCompile-b2BDBg'
make: *** [Makefile:127: cmTC_dc21a/fast] Error 2


Source file was:
#include <pthread.h>

static void* test_func(void* data)
{
  return data;
}

int main(void)
{
  pthread_t thread;
  pthread_create(&thread, NULL, test_func, NULL);
  pthread_detach(thread);
  pthread_cancel(thread);
  pthread_join(thread, NULL);
  pthread_atfork(NULL, NULL, NULL);
  pthread_exit(NULL);

  return 0;
}


Determining if the function pthread_create exists in the pthreads failed with the following output:
Change Dir: /home/hao/Desktop/twist_ws/src/TwistEstimator/build/catkin_tools_prebuild/CMakeFiles/CMakeScratch/TryCompile-bzc82g

Run Build Command(s):/usr/bin/make -f Makefile cmTC_25ded/fast && /usr/bin/make  -f CMakeFiles/cmTC_25ded.dir/build.make CMakeFiles/cmTC_25ded.dir/build
make[1]: Entering directory '/home/hao/Desktop/twist_ws/src/TwistEstimator/build/catkin_tools_prebuild/CMakeFiles/CMakeScratch/TryCompile-bzc82g'
Building C object CMakeFiles/cmTC_25ded.dir/CheckFunctionExists.c.o
/usr/bin/cc   -DCHECK_FUNCTION_EXISTS=pthread_create -o CMakeFiles/cmTC_25ded.dir/CheckFunctionExists.c.o -c /home/hao/Desktop/twist_ws/src/TwistEstimator/build/catkin_tools_prebuild/CMakeFiles/CMakeScratch/TryCompile-bzc82g/CheckFunctionExists.c
Linking C executable cmTC_25ded
/opt/cmake/bin/cmake -E cmake_link_script CMakeFiles/cmTC_25ded.dir/link.txt --verbose=1
/usr/bin/cc  -DCHECK_FUNCTION_EXISTS=pthread_create CMakeFiles/cmTC_25ded.dir/CheckFunctionExists.c.o -o cmTC_25ded  -lpthreads 
/usr/bin/ld: cannot find -lpthreads
collect2: error: ld returned 1 exit status
make[1]: *** [CMakeFiles/cmTC_25ded.dir/build.make:99: cmTC_25ded] Error 1
make[1]: Leaving directory '/home/hao/Desktop/twist_ws/src/TwistEstimator/build/catkin_tools_prebuild/CMakeFiles/CMakeScratch/TryCompile-bzc82g'
make: *** [Makefile:127: cmTC_25ded/fast] Error 2



